1


   GESAMTBILANZ FUER DEN SIMULATIONSLAUF
   -------------------------------------


 RHEIN oberhalb GAMBSHEIM km 290,4 bis 309,0 / STICHTAG 19.04.99         
 Pegel Kehl-Kronenhof bei km 292,245 = MSt. 16755.0 m = Kn. 7167         
 ANFANGSKNOTEN                           1186
 AUFSUMMIERT BIS KNOTEN                   300
 SIMULATIONSDAUER                        1371 H
 NIEDERSCHLAGSMENGE                      0.00 MM



                  0.0000     0.0000     0.0000     0.0000     0.0000     0.0000     0.0000    
 º-------------------------------------------------------º
 º                                                       º
 º    GESAMTBILANZ FšR DEN SIMULATIONSLAUF               º
 º    -------------------------------------              º
 º                                                       º
 º    RHEIN oberhalb GAMBSHEIM km 290,4 bis 309,0 /      º
 º    Pegel Kehl-Kronenhof bei km 292,245 = MSt. 16      º
 º                                                       º
 º    ANFANGSKNOTEN                       1186           º
 º    AUFSUMMIERT BIS KNOTEN               300           º
 º    SIMULATIONSDAUER                    1371      H    º
 º    GEBIETSNIEDERSCHLAG             0.0000     M**3    º
 º    FLŽCHE                          0.0000     M**2    º
 º                                                       º
 º    ABFLUSSFšLLE                    0.0000     M**3    º
 º    ZUFLUSS VON OBERHALB          - 0.0000     M**3    º
 º    SEITL. ZUFLUSS (LAND)         - 0.0000     M**3    º
 º    SEITL. ZUFLUSS (GW)           - 0.0000     M**3    º
 º    SONSTIGE SEITL. ZUFL.         - 0.0000     M**3    º
 º    UEBERLAUFMENGE                + 0.0000     M**3    º
 º    -----------------------------------------------    º
 º    ABFLUSS - ZUFLUSS             - 0.0000     M**3    º
 º                                                       º
 º       RETENTIONSFLAECHEN :                            º
 º                                                       º
 º    -----------------------------------------------    º
 º    GESPEICHERTES VOLUMEN           0.0000     M**3    º
 º                                                       º
 º       GESAMTAENDERUNG :                               º
 º                                                       º
 º    ZUFLUSS - ABFLUSS             - 0.0000     M**3    º
 º    GESPEICHERTES VOLUMEN         - 0.0000     M**3    º
 º    -----------------------------------------------    º
 º    SUMME                         - 0.0000     M**3    º
 º                                                       º
 º-------------------------------------------------------º







