1


   GESAMTBILANZ FUER DEN SIMULATIONSLAUF
   -------------------------------------


 PROJEKT HWS-Konzept Ubstadt / Kraichbach V1                             
 HQ 100 B3-Brücke V1 / Entlastungsschwelle 133,81 m+NN                   
 ANFANGSKNOTEN                            600
 AUFSUMMIERT BIS KNOTEN                  5382
 SIMULATIONSDAUER                          60 H
 NIEDERSCHLAGSMENGE                      0.00 MM



  600  29388.     0.0000     0.0000     0.0000    0.57715E+07 0.0000     0.0000     0.0000    0.57715E+07
  599  29352.     0.0000     0.0000     0.0000     0.0000     0.0000     0.0000     0.0000    0.57715E+07
  598  29350.     0.0000     0.0000     0.0000     0.0000     0.0000     0.0000     0.0000    0.57715E+07
  597  29349.     0.0000     0.0000     0.0000     0.0000     0.0000     0.0000     0.0000    0.57715E+07
  596  29339.     0.0000     0.0000     0.0000     0.0000     0.0000     0.0000     0.0000    0.57715E+07
  595  29338.     0.0000     0.0000     0.0000     0.0000     0.0000     0.0000     0.0000    0.57715E+07
  480  29328.     0.0000     0.0000     0.0000     0.0000     0.0000     0.0000     0.0000    0.57715E+07
  594  29320.     0.0000     0.0000     0.0000     0.0000     0.0000     0.0000     0.0000    0.57715E+07
 9480  29315.     0.0000     0.0000     0.0000     0.0000     0.0000     0.0000     0.0000    0.57715E+07
  593  29304.     0.0000     0.0000     0.0000     0.0000     0.0000     0.0000     0.0000    0.57715E+07
  479  29300.     0.0000     0.0000     0.0000     0.0000     0.0000     0.0000     0.0000    0.57715E+07
  592  29295.     0.0000     0.0000     0.0000     0.0000     0.0000     0.0000     0.0000    0.57715E+07
 5591  29294.     0.0000     0.0000     0.0000     0.0000     0.0000     0.0000     0.0000    0.57715E+07
  591  29293.     0.0000     0.0000     0.0000     0.0000     0.0000     0.0000     0.0000    0.57727E+07
  590  29290.     0.0000     0.0000     0.0000     0.0000     0.0000     0.0000     0.0000    0.57727E+07
  478  29288.     0.0000     0.0000     0.0000     0.0000     0.0000     0.0000     0.0000    0.57563E+07
  589  29277.     0.0000     0.0000     0.0000     0.0000     0.0000     0.0000     0.0000    0.57563E+07
  477  29276.     0.0000     0.0000     0.0000     0.0000     0.0000     0.0000     0.0000    0.57563E+07
  588  29259.     0.0000     0.0000     0.0000     0.0000     0.0000     0.0000     0.0000    0.57563E+07
  476  29257.     0.0000     0.0000     0.0000     0.0000     0.0000     0.0000     0.0000    0.57563E+07
  475  29225.     0.0000     0.0000     0.0000     0.0000     0.0000     0.0000     0.0000    0.57563E+07
  587  29210.     0.0000     0.0000     0.0000     0.0000     0.0000     0.0000     0.0000    0.57563E+07
  474  29195.     0.0000     0.0000     0.0000     0.0000     0.0000     0.0000     0.0000    0.57563E+07
  473  29162.     0.0000     0.0000     0.0000     0.0000     0.0000     0.0000     0.0000    0.57563E+07
  586  29148.     0.0000     0.0000     0.0000     0.0000     0.0000     0.0000     0.0000    0.57563E+07
  472  29128.     0.0000     0.0000     0.0000     0.0000     0.0000     0.0000     0.0000    0.57563E+07
  471  29100.     0.0000     0.0000     0.0000     0.0000     0.0000     0.0000     0.0000    0.57563E+07
  585  29092.     0.0000     0.0000     0.0000     0.0000     0.0000     0.0000     0.0000    0.57563E+07
  470  29072.     0.0000     0.0000     0.0000     0.0000     0.0000     0.0000     0.0000    0.57563E+07
  469  29058.     0.0000     0.0000     0.0000     0.0000     0.0000     0.0000     0.0000    0.57563E+07
  584  29045.     0.0000     0.0000     0.0000     0.0000     0.0000     0.0000     0.0000    0.57563E+07
  468  29044.     0.0000     0.0000     0.0000     0.0000     0.0000     0.0000     0.0000    0.57563E+07
  583  29043.     0.0000     0.0000     0.0000     0.0000     0.0000     0.0000     0.0000    0.57563E+07
  582  29042.     0.0000     0.0000     0.0000     0.0000     0.0000     0.0000     0.0000    0.57563E+07
  581  29041.     0.0000     0.0000     0.0000     0.0000     0.0000     0.0000     0.0000    0.57563E+07
  467  29040.     0.0000     0.0000     0.0000     0.0000     0.0000     0.0000     0.0000    0.57563E+07
  466  29027.     0.0000     0.0000     0.0000     0.0000     0.0000     0.0000     0.0000    0.57563E+07
  580  29011.     0.0000     0.0000     0.0000     0.0000     0.0000     0.0000     0.0000    0.57563E+07
  465  29003.     0.0000     0.0000     0.0000     0.0000     0.0000     0.0000     0.0000    0.57563E+07
  464  28986.     0.0000     0.0000     0.0000     0.0000     0.0000     0.0000     0.0000    0.57563E+07
  579  28980.     0.0000     0.0000     0.0000     0.0000     0.0000     0.0000     0.0000    0.57563E+07
  463  28971.     0.0000     0.0000     0.0000     0.0000     0.0000     0.0000     0.0000    0.57563E+07
  910  28968.     0.0000     0.0000     0.0000     0.0000     0.0000     0.0000     0.0000    0.57563E+07
  909  28964.     0.0000     0.0000     0.0000     0.0000     0.0000     0.0000     0.0000    0.57563E+07
  908  28961.     0.0000     0.0000     0.0000     0.0000     0.0000     0.0000     0.0000    0.57563E+07
  907  28956.     0.0000     0.0000     0.0000     0.0000     0.0000     0.0000     0.0000    0.57563E+07
 3423  28952.     0.0000     0.0000     0.0000     0.0000     0.0000     0.0000     0.0000    0.57563E+07
  578  28950.     0.0000     0.0000     0.0000     0.0000     0.0000     0.0000     0.0000    0.57563E+07
  577  28949.     0.0000     0.0000     0.0000     0.0000     0.0000     0.0000     0.0000    0.57563E+07
  576  28936.     0.0000     0.0000     0.0000     0.0000     0.0000     0.0000     0.0000    0.57563E+07
  423  28934.     0.0000     216.00     0.0000     0.0000     0.0000     0.0000     0.0000    0.57563E+07
  905  28933.     0.0000     0.0000     0.0000     0.0000     0.0000     0.0000     0.0000    0.57565E+07
  575  28932.     0.0000     0.0000     0.0000     0.0000     0.0000     0.0000     0.0000    0.57565E+07
  904  28930.     0.0000     0.0000     0.0000     0.0000     0.0000     0.0000     0.0000    0.57565E+07
  903  28925.     0.0000     0.0000     0.0000     0.0000     0.0000     0.0000     0.0000    0.57565E+07
  902  28920.     0.0000     0.0000     0.0000     0.0000     0.0000     0.0000     0.0000    0.57565E+07
  574  28919.     0.0000     0.0000     0.0000     0.0000     0.0000     0.0000     0.0000    0.57565E+07
  901  28916.     0.0000     0.0000     0.0000     0.0000     0.0000     0.0000     0.0000    0.57565E+07
 9423  28885.     0.0000     0.0000     0.0000     0.0000     0.0000     0.0000     0.0000    0.57566E+07
  573  28864.     0.0000     0.0000     0.0000     0.0000     0.0000     0.0000     0.0000    0.57566E+07
 8423  28845.     0.0000     0.0000     0.0000     0.0000     0.0000     0.0000     0.0000    0.57566E+07
  572  28814.     0.0000     0.0000     0.0000     0.0000     0.0000     0.0000     0.0000    0.57566E+07
  422  28796.     0.0000     4320.0     0.0000     0.0000     0.0000     0.0000     0.0000    0.57566E+07
 9422  28740.     0.0000     0.0000     0.0000     0.0000     0.0000     0.0000     0.0000    0.57610E+07
 8422  28738.     0.0000     0.0000     0.0000     0.0000     0.0000     0.0000    0.88935E+060.57610E+07
 7422  28730.     0.0000     0.0000     0.0000     0.0000     0.0000     0.0000    0.68896E+060.48743E+07
  571  28726.     0.0000     0.0000     0.0000     0.0000     0.0000     0.0000    0.12488E+070.41871E+07
 6422  28720.     0.0000     0.0000     0.0000     0.0000     0.0000     0.0000    0.22747E+060.29412E+07
 5422  28719.     0.0000     0.0000     0.0000     0.0000     0.0000     0.0000     0.0000    0.27142E+07
 4422  28718.     0.0000     0.0000     0.0000     0.0000     0.0000     0.0000     0.0000    0.27142E+07
  570  28717.     0.0000     0.0000     0.0000     0.0000     0.0000     0.0000     0.0000    0.27142E+07
 3421  28716.     0.0000     0.0000     0.0000     0.0000     0.0000     0.0000     0.0000    0.27142E+07
 2421  28715.     0.0000     0.0000     0.0000     0.0000     0.0000     0.0000     0.0000    0.27142E+07
 1421  28714.     0.0000     0.0000     0.0000     0.0000     0.0000     0.0000     0.0000    0.27142E+07
  421  28713.     0.0000     0.0000     0.0000     0.0000     0.0000     0.0000     0.0000    0.27142E+07
  566  28712.     0.0000     0.0000     0.0000     0.0000     0.0000     0.0000     0.0000    0.27143E+07
 9421  28707.     0.0000     0.0000     0.0000     0.0000     0.0000     0.0000     0.0000    0.27143E+07
 8421  28701.     0.0000     0.0000     0.0000     0.0000     0.0000     0.0000     0.0000    0.27143E+07
  565  28696.     0.0000     0.0000     0.0000     0.0000     0.0000     0.0000     0.0000    0.27143E+07
  564  28694.     0.0000     0.0000     0.0000     0.0000     0.0000     0.0000     0.0000    0.27143E+07
  563  28693.     0.0000     0.0000     0.0000     0.0000     0.0000     0.0000     0.0000    0.27143E+07
  562  28682.     0.0000     0.0000     0.0000     0.0000     0.0000     0.0000     0.0000    0.27143E+07
  420  28680.     0.0000     30240.     0.0000     0.0000     0.0000     0.0000     0.0000    0.27143E+07
  561  28678.     0.0000     0.0000     0.0000     0.0000     0.0000     0.0000     0.0000    0.27445E+07
  419  28662.     0.0000     0.0000     0.0000     0.0000     0.0000     0.0000     0.0000    0.27445E+07
  560  28638.     0.0000     0.0000     0.0000     0.0000     0.0000     0.0000     0.0000    0.27445E+07
  559  28616.     0.0000     0.0000     0.0000     0.0000     0.0000     0.0000     0.0000    0.27445E+07
  558  28564.     0.0000     0.0000     0.0000     0.0000     0.0000     0.0000     0.0000    0.27445E+07
  557  28525.     0.0000     0.0000     0.0000     0.0000     0.0000     0.0000     0.0000    0.27445E+07
  418  28516.     0.0000     58320.     0.0000     0.0000     0.0000     0.0000     0.0000    0.27445E+07
  556  28487.     0.0000     0.0000     0.0000     0.0000     0.0000     0.0000     0.0000    0.28029E+07
  555  28455.     0.0000     0.0000     0.0000     0.0000     0.0000     0.0000     0.0000    0.28029E+07
  554  28384.     0.0000     0.0000     0.0000     0.0000     0.0000     0.0000     0.0000    0.28029E+07
  553  28382.     0.0000     0.0000     0.0000     0.0000     0.0000     0.0000     0.0000    0.28029E+07
  552  28381.     0.0000     0.0000     0.0000     0.0000     0.0000     0.0000     0.0000    0.28029E+07
  551  28372.     0.0000     0.0000     0.0000     0.0000     0.0000     0.0000     0.0000    0.28029E+07
  417  28371.     0.0000     0.0000     0.0000     0.0000     0.0000     0.0000     0.0000    0.28029E+07
  550  28370.     0.0000     0.0000     0.0000     0.0000     0.0000     0.0000     0.0000    0.28029E+07
  549  28321.     0.0000     0.0000     0.0000     0.0000     0.0000     0.0000     0.0000    0.28029E+07
  416  28306.     0.0000     6480.0     0.0000     0.0000     0.0000     0.0000     0.0000    0.28029E+07
  548  28263.     0.0000     0.0000     0.0000     0.0000     0.0000     0.0000     0.0000    0.28093E+07
  547  28199.     0.0000     0.0000     0.0000     0.0000     0.0000     0.0000     0.0000    0.28093E+07
  415  28161.     0.0000     34560.     0.0000     0.0000     0.0000     0.0000     0.0000    0.28093E+07
  546  28152.     0.0000     0.0000     0.0000     0.0000     0.0000     0.0000     0.0000    0.28439E+07
  545  28081.     0.0000     0.0000     0.0000     0.0000     0.0000     0.0000     0.0000    0.28439E+07
 3414  28027.     0.0000     0.0000     0.0000     0.0000     0.0000     0.0000     0.0000    0.28439E+07
  544  28026.     0.0000     0.0000     0.0000     0.0000     0.0000     0.0000     0.0000    0.28439E+07
  543  28024.     0.0000     0.0000     0.0000     0.0000     0.0000     0.0000     0.0000    0.28439E+07
  542  28016.     0.0000     0.0000     0.0000     0.0000     0.0000     0.0000     0.0000    0.28439E+07
  414  28015.     0.0000     0.0000     0.0000     0.0000     0.0000     0.0000     0.0000    0.28439E+07
  541  28012.     0.0000     0.0000     0.0000     0.0000     0.0000     0.0000     0.0000    0.28439E+07
  540  28002.     0.0000     0.0000     0.0000     0.0000     0.0000     0.0000     0.0000    0.28439E+07
  413  27953.     0.0000     0.0000     0.0000     0.0000     0.0000     0.0000     0.0000    0.28439E+07
  539  27869.     0.0000     0.0000     0.0000     0.0000     0.0000     0.0000     0.0000    0.28439E+07
  412  27828.     0.0000     0.0000     0.0000     0.0000     0.0000     0.0000     0.0000    0.28439E+07
  538  27798.     0.0000     0.0000     0.0000     0.0000     0.0000     0.0000     0.0000    0.28439E+07
  411  27731.     0.0000     0.0000     0.0000     0.0000     0.0000     0.0000     0.0000    0.28439E+07
  537  27721.     0.0000     0.0000     0.0000     0.0000     0.0000     0.0000     0.0000    0.28439E+07
  536  27621.     0.0000     0.0000     0.0000     0.0000     0.0000     0.0000     0.0000    0.28439E+07
  410  27610.     0.0000     0.0000     0.0000     0.0000     0.0000     0.0000     0.0000    0.28439E+07
  409  27463.     0.0000     0.0000     0.0000     0.0000     0.0000     0.0000     0.0000    0.28439E+07
  535  27407.     0.0000     0.0000     0.0000     0.0000     0.0000     0.0000     0.0000    0.28439E+07
  408  27283.     0.0000     0.0000     0.0000     0.0000     0.0000     0.0000     0.0000    0.28439E+07
  534  27193.     0.0000     0.0000     0.0000     0.0000     0.0000     0.0000     0.0000    0.28439E+07
  407  27156.     0.0000     0.0000     0.0000     0.0000     0.0000     0.0000     0.0000    0.28439E+07
  406  27049.     0.0000     0.0000     0.0000     0.0000     0.0000     0.0000     0.0000    0.28439E+07
  533  26982.     0.0000     0.0000     0.0000     0.0000     0.0000     0.0000     0.0000    0.28439E+07
  405  26938.     0.0000     0.0000     0.0000     0.0000     0.0000     0.0000     0.0000    0.28439E+07
  532  26810.     0.0000     0.0000     0.0000     0.0000     0.0000     0.0000     0.0000    0.28439E+07
  404  26808.     0.0000     0.0000     0.0000     0.0000     0.0000     0.0000     0.0000    0.28439E+07
  531  26683.     0.0000     0.0000     0.0000     0.0000     0.0000     0.0000     0.0000    0.28439E+07
  403  26674.     0.0000     0.0000     0.0000     0.0000     0.0000     0.0000     0.0000    0.28439E+07
  530  26557.     0.0000     0.0000     0.0000     0.0000     0.0000     0.0000     0.0000    0.28439E+07
  402  26522.     0.0000     0.0000     0.0000     0.0000     0.0000     0.0000     0.0000    0.28439E+07
  401  26392.     0.0000     0.0000     0.0000     0.0000     0.0000     0.0000     0.0000    0.28439E+07
  529  26391.     0.0000     0.0000     0.0000     0.0000     0.0000     0.0000     0.0000    0.28439E+07
  400  26245.     0.0000     0.0000     0.0000     0.0000     0.0000     0.0000     0.0000    0.28439E+07
  528  26225.     0.0000     0.0000     0.0000     0.0000     0.0000     0.0000     0.0000    0.28439E+07
  399  26131.     0.0000     0.0000     0.0000     0.0000     0.0000     0.0000     0.0000    0.28439E+07
 3398  26070.     0.0000     0.0000     0.0000     0.0000     0.0000     0.0000     0.0000    0.28439E+07
  527  26069.     0.0000     0.0000     0.0000     0.0000     0.0000     0.0000     0.0000    0.28439E+07
  526  26068.     0.0000     0.0000     0.0000     0.0000     0.0000     0.0000     0.0000    0.28439E+07
  525  26064.     0.0000     0.0000     0.0000     0.0000     0.0000     0.0000     0.0000    0.28439E+07
  524  26063.     0.0000     0.0000     0.0000     0.0000     0.0000     0.0000     0.0000    0.28439E+07
  398  26062.     0.0000     0.0000     0.0000     0.0000     0.0000     0.0000     0.0000    0.28439E+07
 3397  25968.     0.0000     0.0000     0.0000     0.0000     0.0000     0.0000     0.0000    0.28439E+07
  523  25966.     0.0000     0.0000     0.0000     0.0000     0.0000     0.0000     0.0000    0.28439E+07
  522  25964.     0.0000     0.0000     0.0000     0.0000     0.0000     0.0000     0.0000    0.28439E+07
  521  25955.     0.0000     0.0000     0.0000     0.0000     0.0000     0.0000     0.0000    0.28439E+07
  520  25949.     0.0000     0.0000     0.0000     0.0000     0.0000     0.0000     0.0000    0.28439E+07
  397  25933.     0.0000     0.0000     0.0000     0.0000     0.0000     0.0000     0.0000    0.28439E+07
 9998  25918.     0.0000     0.0000     0.0000     0.0000     0.0000     0.0000     0.0000    0.28439E+07
 9997  25903.     0.0000     0.0000     0.0000     0.0000     0.0000     0.0000     0.0000    0.28439E+07
 9996  25885.     0.0000     0.0000     0.0000     0.0000     0.0000     0.0000     0.0000    0.28439E+07
 9995  25883.     0.0000     0.0000     0.0000     0.0000     0.0000     0.0000     0.0000    0.28439E+07
 9994  25881.     0.0000     0.0000     0.0000     0.0000     0.0000     0.0000     0.0000    0.28439E+07
 9993  25868.     0.0000     0.0000     0.0000     0.0000     0.0000     0.0000     0.0000    0.28439E+07
 9992  25853.     0.0000     0.0000     0.0000     0.0000     0.0000     0.0000     0.0000    0.28439E+07
 9991  25835.     0.0000     0.0000     0.0000     0.0000     0.0000     0.0000     0.0000    0.28439E+07
 9990  25833.     0.0000     0.0000     0.0000     0.0000     0.0000     0.0000     0.0000    0.28439E+07
 9989  25831.     0.0000     0.0000     0.0000     0.0000     0.0000     0.0000     0.0000    0.28439E+07
 9988  25818.     0.0000     0.0000     0.0000     0.0000     0.0000     0.0000     0.0000    0.28439E+07
 9987  25803.     0.0000     0.0000     0.0000     0.0000     0.0000     0.0000     0.0000    0.28439E+07
 9986  25785.     0.0000     0.0000     0.0000     0.0000     0.0000     0.0000     0.0000    0.28439E+07
 9985  25783.     0.0000     0.0000     0.0000     0.0000     0.0000     0.0000     0.0000    0.28439E+07
 9984  25781.     0.0000     0.0000     0.0000     0.0000     0.0000     0.0000     0.0000    0.28439E+07
 9983  25768.     0.0000     0.0000     0.0000     0.0000     0.0000     0.0000     0.0000    0.28439E+07
 9982  25753.     0.0000     0.0000     0.0000     0.0000     0.0000     0.0000     0.0000    0.28439E+07
 9981  25735.     0.0000     0.0000     0.0000     0.0000     0.0000     0.0000     0.0000    0.28439E+07
 9980  25733.     0.0000     0.0000     0.0000     0.0000     0.0000     0.0000     0.0000    0.28439E+07
 9979  25731.     0.0000     0.0000     0.0000     0.0000     0.0000     0.0000     0.0000    0.28439E+07
 9978  25718.     0.0000     0.0000     0.0000     0.0000     0.0000     0.0000     0.0000    0.28439E+07
 9977  25703.     0.0000     0.0000     0.0000     0.0000     0.0000     0.0000     0.0000    0.28439E+07
 9976  25685.     0.0000     0.0000     0.0000     0.0000     0.0000     0.0000     0.0000    0.28439E+07
 9975  25683.     0.0000     0.0000     0.0000     0.0000     0.0000     0.0000     0.0000    0.28439E+07
 9974  25681.     0.0000     0.0000     0.0000     0.0000     0.0000     0.0000     0.0000    0.28439E+07
 3394  25668.     0.0000     0.0000     0.0000     0.0000     0.0000     0.0000     0.0000    0.28439E+07
  517  25667.     0.0000     0.0000     0.0000     0.0000     0.0000     0.0000     0.0000    0.28439E+07
  516  25666.     0.0000     0.0000     0.0000     0.0000     0.0000     0.0000     0.0000    0.28439E+07
  515  25662.     0.0000     0.0000     0.0000     0.0000     0.0000     0.0000     0.0000    0.28439E+07
  514  25661.     0.0000     0.0000     0.0000     0.0000     0.0000     0.0000     0.0000    0.28439E+07
  394  25660.     0.0000     32400.     0.0000     0.0000     0.0000     0.0000     0.0000    0.28439E+07
  393  25591.     0.0000     0.0000     0.0000     0.0000     0.0000     0.0000     0.0000    0.28763E+07
  513  25561.     0.0000     0.0000     0.0000     0.0000     0.0000     0.0000     0.0000    0.28763E+07
  392  25502.     0.0000     0.0000     0.0000     0.0000     0.0000     0.0000     0.0000    0.28763E+07
  512  25474.     0.0000     0.0000     0.0000     0.0000     0.0000     0.0000     0.0000    0.28763E+07
  511  25472.     0.0000     0.0000     0.0000     0.0000     0.0000     0.0000     0.0000    0.28763E+07
  510  25471.     0.0000     0.0000     0.0000     0.0000     0.0000     0.0000     0.0000    0.28763E+07
  509  25468.     0.0000     0.0000     0.0000     0.0000     0.0000     0.0000     0.0000    0.28763E+07
  508  25467.     0.0000     0.0000     0.0000     0.0000     0.0000     0.0000     0.0000    0.28763E+07
  507  25466.     0.0000     0.0000     0.0000     0.0000     0.0000     0.0000     0.0000    0.28763E+07
  506  25453.     0.0000     0.0000     0.0000     0.0000     0.0000     0.0000     0.0000    0.28763E+07
  390  25452.     0.0000     0.0000     0.0000     0.0000     0.0000     0.0000     0.0000    0.28763E+07
  505  25446.     0.0000     0.0000     0.0000     0.0000     0.0000     0.0000     0.0000    0.28763E+07
  389  25410.     0.0000     0.0000     0.0000     0.0000     0.0000     0.0000     0.0000    0.28763E+07
  388  25309.     0.0000     0.0000     0.0000     0.0000     0.0000     0.0000     0.0000    0.28763E+07
  504  25307.     0.0000     0.0000     0.0000     0.0000     0.0000     0.0000     0.0000    0.28763E+07
  387  25233.     0.0000     0.0000     0.0000     0.0000     0.0000     0.0000     0.0000    0.28763E+07
  503  25197.     0.0000     0.0000     0.0000     0.0000     0.0000     0.0000     0.0000    0.28763E+07
  386  25119.     0.0000     0.0000     0.0000     0.0000     0.0000     0.0000     0.0000    0.28763E+07
  502  25067.     0.0000     0.0000     0.0000     0.0000     0.0000     0.0000     0.0000    0.28763E+07
  501  25012.     0.0000     0.0000     0.0000     0.0000     0.0000     0.0000     0.0000    0.28763E+07
  385  25011.     0.0000     0.0000     0.0000     0.0000     0.0000     0.0000     0.0000    0.28763E+07
  384  24910.     0.0000    0.12895E+07 0.0000     0.0000     0.0000     0.0000     0.0000    0.28763E+07
 5383  24883.     0.0000    0.12895E+07 0.0000     0.0000     0.0000     0.0000     0.0000    0.41658E+07
  383  24855.     0.0000    -.12744E+07 0.0000     0.0000     0.0000     0.0000     0.0000    0.54554E+07
 9383  24835.     0.0000     0.0000     0.0000     0.0000     0.0000     0.0000     0.0000    0.41810E+07
 8383  24815.     0.0000     0.0000     0.0000     0.0000     0.0000     0.0000     0.0000    0.41810E+07
 7383  24800.     0.0000     0.0000     0.0000     0.0000     0.0000     0.0000     0.0000    0.41810E+07
  382  24787.     0.0000     0.0000     0.0000     0.0000     0.0000     0.0000     0.0000    0.41810E+07
 5382  24780.     0.0000     0.0000     0.0000     0.0000     0.0000     0.0000     0.0000    0.41810E+07
                  0.0000    0.14712E+07 0.0000    0.57715E+07 0.0000     0.0000    0.30545E+07
 º-------------------------------------------------------º
 º                                                       º
 º    GESAMTBILANZ FšR DEN SIMULATIONSLAUF               º
 º    -------------------------------------              º
 º                                                       º
 º    PROJEKT HWS-Konzept Ubstadt / Kraichbach V1        º
 º    HQ 100 B3-Brücke V1 / Entlastungsschwelle 133      º
 º                                                       º
 º    ANFANGSKNOTEN                        600           º
 º    AUFSUMMIERT BIS KNOTEN              5382           º
 º    SIMULATIONSDAUER                      60      H    º
 º    GEBIETSNIEDERSCHLAG             0.0000     M**3    º
 º    FLŽCHE                          0.0000     M**2    º
 º                                                       º
 º    ABFLUSSFšLLE                   0.41810E+07 M**3    º
 º    ZUFLUSS VON OBERHALB          -0.57715E+07 M**3    º
 º    SEITL. ZUFLUSS (LAND)         - 0.0000     M**3    º
 º    SEITL. ZUFLUSS (GW)           - 0.0000     M**3    º
 º    SONSTIGE SEITL. ZUFL.         -0.14712E+07 M**3    º
 º    UEBERLAUFMENGE                +0.30545E+07 M**3    º
 º    -----------------------------------------------    º
 º    ABFLUSS - ZUFLUSS             - 7206.5     M**3    º
 º                                                       º
 º-------------------------------------------------------º







